
*** Running vivado
    with args -log design_1_wrapper.vdi -applog -m64 -messageDb vivado.pb -mode batch -source design_1_wrapper.tcl -notrace


****** Vivado v2016.1 (64-bit)
  **** SW Build 1538259 on Fri Apr  8 15:45:27 MDT 2016
  **** IP Build 1537824 on Fri Apr  8 04:28:57 MDT 2016
    ** Copyright 1986-2016 Xilinx, Inc. All Rights Reserved.

source design_1_wrapper.tcl -notrace
Design is defaulting to srcset: sources_1
Design is defaulting to constrset: constrs_1
INFO: [Netlist 29-17] Analyzing 38 Unisim elements for replacement
INFO: [Netlist 29-28] Unisim Transformation completed in 0 CPU seconds
INFO: [Project 1-479] Netlist was created with Vivado 2016.1
INFO: [Device 21-403] Loading part xc7z020clg484-1
INFO: [Project 1-570] Preparing netlist for logic optimization
Parsing XDC File [c:/Users/foeza/Desktop/vivado/pwm/pwm.srcs/sources_1/bd/design_1/ip/design_1_processing_system7_0_0/design_1_processing_system7_0_0.xdc] for cell 'design_1_i/processing_system7_0/inst'
Finished Parsing XDC File [c:/Users/foeza/Desktop/vivado/pwm/pwm.srcs/sources_1/bd/design_1/ip/design_1_processing_system7_0_0/design_1_processing_system7_0_0.xdc] for cell 'design_1_i/processing_system7_0/inst'
Parsing XDC File [c:/Users/foeza/Desktop/vivado/pwm/pwm.srcs/sources_1/bd/design_1/ip/design_1_rst_processing_system7_0_50M_0/design_1_rst_processing_system7_0_50M_0_board.xdc] for cell 'design_1_i/rst_processing_system7_0_50M/U0'
Finished Parsing XDC File [c:/Users/foeza/Desktop/vivado/pwm/pwm.srcs/sources_1/bd/design_1/ip/design_1_rst_processing_system7_0_50M_0/design_1_rst_processing_system7_0_50M_0_board.xdc] for cell 'design_1_i/rst_processing_system7_0_50M/U0'
Parsing XDC File [c:/Users/foeza/Desktop/vivado/pwm/pwm.srcs/sources_1/bd/design_1/ip/design_1_rst_processing_system7_0_50M_0/design_1_rst_processing_system7_0_50M_0.xdc] for cell 'design_1_i/rst_processing_system7_0_50M/U0'
Finished Parsing XDC File [c:/Users/foeza/Desktop/vivado/pwm/pwm.srcs/sources_1/bd/design_1/ip/design_1_rst_processing_system7_0_50M_0/design_1_rst_processing_system7_0_50M_0.xdc] for cell 'design_1_i/rst_processing_system7_0_50M/U0'
Parsing XDC File [C:/Users/foeza/Desktop/vivado/pwm/pwm.srcs/constrs_1/new/zedboard_master.xdc]
WARNING: [Vivado 12-584] No ports matched '[get_ports -of_objects [get_iobanks 34]]'. [C:/Users/foeza/Desktop/vivado/pwm/pwm.srcs/constrs_1/new/zedboard_master.xdc:367]
CRITICAL WARNING: [Common 17-55] 'set_property' expects at least one object. [C:/Users/foeza/Desktop/vivado/pwm/pwm.srcs/constrs_1/new/zedboard_master.xdc:367]
Resolution: If [get_<value>] was used to populate the object, check to make sure this command returns at least one valid object.
WARNING: [Vivado 12-584] No ports matched '[get_ports -of_objects [get_iobanks 35]]'. [C:/Users/foeza/Desktop/vivado/pwm/pwm.srcs/constrs_1/new/zedboard_master.xdc:372]
CRITICAL WARNING: [Common 17-55] 'set_property' expects at least one object. [C:/Users/foeza/Desktop/vivado/pwm/pwm.srcs/constrs_1/new/zedboard_master.xdc:372]
Resolution: If [get_<value>] was used to populate the object, check to make sure this command returns at least one valid object.
WARNING: [Vivado 12-584] No ports matched '[get_ports -of_objects [get_iobanks 13]]'. [C:/Users/foeza/Desktop/vivado/pwm/pwm.srcs/constrs_1/new/zedboard_master.xdc:375]
CRITICAL WARNING: [Common 17-55] 'set_property' expects at least one object. [C:/Users/foeza/Desktop/vivado/pwm/pwm.srcs/constrs_1/new/zedboard_master.xdc:375]
Resolution: If [get_<value>] was used to populate the object, check to make sure this command returns at least one valid object.
Finished Parsing XDC File [C:/Users/foeza/Desktop/vivado/pwm/pwm.srcs/constrs_1/new/zedboard_master.xdc]
INFO: [Opt 31-138] Pushed 0 inverter(s) to 0 load pin(s).
INFO: [Project 1-111] Unisim Transformation Summary:
No Unisim elements were transformed.

Command: opt_design
Attempting to get a license for feature 'Implementation' and/or device 'xc7z020'
INFO: [Common 17-349] Got license for feature 'Implementation' and/or device 'xc7z020'
Running DRC as a precondition to command opt_design

Starting DRC Task
INFO: [DRC 23-27] Running DRC with 2 threads
INFO: [Project 1-461] DRC finished with 0 Errors
INFO: [Project 1-462] Please refer to the DRC report (report_drc) for more information.

Time (s): cpu = 00:00:00 ; elapsed = 00:00:00.078 . Memory (MB): peak = 523.035 ; gain = 0.000
INFO: [Timing 38-35] Done setting XDC timing constraints.

Starting Logic Optimization Task
Implement Debug Cores | Checksum: 18d0fcaaa

Phase 1 Retarget
INFO: [Opt 31-138] Pushed 0 inverter(s) to 0 load pin(s).
INFO: [Opt 31-49] Retargeted 0 cell(s).
Phase 1 Retarget | Checksum: 10018f7a9

Time (s): cpu = 00:00:00 ; elapsed = 00:00:00.198 . Memory (MB): peak = 976.719 ; gain = 0.000

Phase 2 Constant Propagation
INFO: [Opt 31-138] Pushed 0 inverter(s) to 0 load pin(s).
INFO: [Opt 31-10] Eliminated 8 cells.
Phase 2 Constant Propagation | Checksum: 1d7d5408b

Time (s): cpu = 00:00:01 ; elapsed = 00:00:00.492 . Memory (MB): peak = 976.719 ; gain = 0.000

Phase 3 Sweep
INFO: [Opt 31-12] Eliminated 346 unconnected nets.
INFO: [Opt 31-11] Eliminated 391 unconnected cells.
Phase 3 Sweep | Checksum: a5379150

Time (s): cpu = 00:00:01 ; elapsed = 00:00:00.799 . Memory (MB): peak = 976.719 ; gain = 0.000

Starting Connectivity Check Task

Time (s): cpu = 00:00:00 ; elapsed = 00:00:00.003 . Memory (MB): peak = 976.719 ; gain = 0.000
Ending Logic Optimization Task | Checksum: a5379150

Time (s): cpu = 00:00:01 ; elapsed = 00:00:00.811 . Memory (MB): peak = 976.719 ; gain = 0.000

Starting Power Optimization Task
INFO: [Pwropt 34-132] Skipping clock gating for clocks with a period < 2.00 ns.
Ending Power Optimization Task | Checksum: a5379150

Time (s): cpu = 00:00:00 ; elapsed = 00:00:00.015 . Memory (MB): peak = 976.719 ; gain = 0.000
INFO: [Common 17-83] Releasing license: Implementation
20 Infos, 3 Warnings, 3 Critical Warnings and 0 Errors encountered.
opt_design completed successfully
opt_design: Time (s): cpu = 00:00:08 ; elapsed = 00:00:08 . Memory (MB): peak = 976.719 ; gain = 453.684
Writing placer database...
Writing XDEF routing.
Writing XDEF routing logical nets.
Writing XDEF routing special nets.
Write XDEF Complete: Time (s): cpu = 00:00:00 ; elapsed = 00:00:00.059 . Memory (MB): peak = 976.719 ; gain = 0.000
INFO: [DRC 23-27] Running DRC with 2 threads
INFO: [Coretcl 2-168] The results of DRC are in file C:/Users/foeza/Desktop/vivado/pwm/pwm.runs/impl_1/design_1_wrapper_drc_opted.rpt.
INFO: [Chipscope 16-241] No debug cores found in the current design.
Before running the implement_debug_core command, either use the Set Up Debug wizard (GUI mode)
or use the create_debug_core and connect_debug_core Tcl commands to insert debug cores into the design.
Command: place_design
Attempting to get a license for feature 'Implementation' and/or device 'xc7z020'
INFO: [Common 17-349] Got license for feature 'Implementation' and/or device 'xc7z020'
INFO: [DRC 23-27] Running DRC with 2 threads
INFO: [Vivado_Tcl 4-198] DRC finished with 0 Errors
INFO: [Vivado_Tcl 4-199] Please refer to the DRC report (report_drc) for more information.
Running DRC as a precondition to command place_design
INFO: [DRC 23-27] Running DRC with 2 threads
INFO: [Vivado_Tcl 4-198] DRC finished with 0 Errors
INFO: [Vivado_Tcl 4-199] Please refer to the DRC report (report_drc) for more information.

Starting Placer Task
INFO: [Place 30-611] Multithreading enabled for place_design using a maximum of 2 CPUs

Phase 1 Placer Initialization
Netlist sorting complete. Time (s): cpu = 00:00:00 ; elapsed = 00:00:00.002 . Memory (MB): peak = 976.719 ; gain = 0.000
Netlist sorting complete. Time (s): cpu = 00:00:00 ; elapsed = 00:00:00.003 . Memory (MB): peak = 976.719 ; gain = 0.000

Phase 1.1 IO Placement/ Clock Placement/ Build Placer Device

Phase 1.1.1 Pre-Place Cells
Phase 1.1.1 Pre-Place Cells | Checksum: 1ef85bb7

Time (s): cpu = 00:00:00 ; elapsed = 00:00:00.043 . Memory (MB): peak = 976.719 ; gain = 0.000
WARNING: [Place 30-879] Found overlapping PBlocks. The use of overlapping PBlocks is not recommended as it may lead to legalization errors or unplaced instances.
WARNING: [Place 30-12] An IO Bus FIXED_IO_mio with more than one IO standard is found. Components associated with this bus are: 
	FIXED_IO_mio[53] of IOStandard LVCMOS18
	FIXED_IO_mio[52] of IOStandard LVCMOS18
	FIXED_IO_mio[51] of IOStandard LVCMOS18
	FIXED_IO_mio[50] of IOStandard LVCMOS18
	FIXED_IO_mio[49] of IOStandard LVCMOS18
	FIXED_IO_mio[48] of IOStandard LVCMOS18
	FIXED_IO_mio[47] of IOStandard LVCMOS18
	FIXED_IO_mio[46] of IOStandard LVCMOS18
	FIXED_IO_mio[45] of IOStandard LVCMOS18
	FIXED_IO_mio[44] of IOStandard LVCMOS18
	FIXED_IO_mio[43] of IOStandard LVCMOS18
	FIXED_IO_mio[42] of IOStandard LVCMOS18
	FIXED_IO_mio[41] of IOStandard LVCMOS18
	FIXED_IO_mio[40] of IOStandard LVCMOS18
	FIXED_IO_mio[39] of IOStandard LVCMOS18
	FIXED_IO_mio[38] of IOStandard LVCMOS18
	FIXED_IO_mio[37] of IOStandard LVCMOS18
	FIXED_IO_mio[36] of IOStandard LVCMOS18
	FIXED_IO_mio[35] of IOStandard LVCMOS18
	FIXED_IO_mio[34] of IOStandard LVCMOS18
	FIXED_IO_mio[33] of IOStandard LVCMOS18
	FIXED_IO_mio[32] of IOStandard LVCMOS18
	FIXED_IO_mio[31] of IOStandard LVCMOS18
	FIXED_IO_mio[30] of IOStandard LVCMOS18
	FIXED_IO_mio[29] of IOStandard LVCMOS18
	FIXED_IO_mio[28] of IOStandard LVCMOS18
	FIXED_IO_mio[27] of IOStandard LVCMOS18
	FIXED_IO_mio[26] of IOStandard LVCMOS18
	FIXED_IO_mio[25] of IOStandard LVCMOS18
	FIXED_IO_mio[24] of IOStandard LVCMOS18
	FIXED_IO_mio[23] of IOStandard LVCMOS18
	FIXED_IO_mio[22] of IOStandard LVCMOS18
	FIXED_IO_mio[21] of IOStandard LVCMOS18
	FIXED_IO_mio[20] of IOStandard LVCMOS18
	FIXED_IO_mio[19] of IOStandard LVCMOS18
	FIXED_IO_mio[18] of IOStandard LVCMOS18
	FIXED_IO_mio[17] of IOStandard LVCMOS18
	FIXED_IO_mio[16] of IOStandard LVCMOS18
	FIXED_IO_mio[15] of IOStandard LVCMOS33
	FIXED_IO_mio[14] of IOStandard LVCMOS33
	FIXED_IO_mio[13] of IOStandard LVCMOS33
	FIXED_IO_mio[12] of IOStandard LVCMOS33
	FIXED_IO_mio[11] of IOStandard LVCMOS33
	FIXED_IO_mio[10] of IOStandard LVCMOS33
	FIXED_IO_mio[9] of IOStandard LVCMOS33
	FIXED_IO_mio[8] of IOStandard LVCMOS33
	FIXED_IO_mio[7] of IOStandard LVCMOS33
	FIXED_IO_mio[6] of IOStandard LVCMOS33
	FIXED_IO_mio[5] of IOStandard LVCMOS33
	FIXED_IO_mio[4] of IOStandard LVCMOS33
	FIXED_IO_mio[3] of IOStandard LVCMOS33
	FIXED_IO_mio[2] of IOStandard LVCMOS33
	FIXED_IO_mio[1] of IOStandard LVCMOS33
	FIXED_IO_mio[0] of IOStandard LVCMOS33
INFO: [Timing 38-35] Done setting XDC timing constraints.

Phase 1.1.2 IO and Clk Clean Up
Phase 1.1.2 IO and Clk Clean Up | Checksum: 1ef85bb7

Time (s): cpu = 00:00:01 ; elapsed = 00:00:01 . Memory (MB): peak = 989.395 ; gain = 12.676

Phase 1.1.3 Implementation Feasibility check On IDelay
Phase 1.1.3 Implementation Feasibility check On IDelay | Checksum: 1ef85bb7

Time (s): cpu = 00:00:01 ; elapsed = 00:00:01 . Memory (MB): peak = 989.395 ; gain = 12.676

Phase 1.1.4 Commit IO Placement
Phase 1.1.4 Commit IO Placement | Checksum: da802744

Time (s): cpu = 00:00:01 ; elapsed = 00:00:01 . Memory (MB): peak = 989.395 ; gain = 12.676
Phase 1.1 IO Placement/ Clock Placement/ Build Placer Device | Checksum: 11888b7ae

Time (s): cpu = 00:00:01 ; elapsed = 00:00:01 . Memory (MB): peak = 989.395 ; gain = 12.676

Phase 1.2 Build Placer Netlist Model

Phase 1.2.1 Place Init Design

Phase 1.2.1.1 Init Lut Pin Assignment
Phase 1.2.1.1 Init Lut Pin Assignment | Checksum: 1d66fefd2

Time (s): cpu = 00:00:01 ; elapsed = 00:00:01 . Memory (MB): peak = 989.395 ; gain = 12.676
Phase 1.2.1 Place Init Design | Checksum: 239bdaa94

Time (s): cpu = 00:00:01 ; elapsed = 00:00:02 . Memory (MB): peak = 989.395 ; gain = 12.676
Phase 1.2 Build Placer Netlist Model | Checksum: 239bdaa94

Time (s): cpu = 00:00:01 ; elapsed = 00:00:02 . Memory (MB): peak = 989.395 ; gain = 12.676

Phase 1.3 Constrain Clocks/Macros
Phase 1.3 Constrain Clocks/Macros | Checksum: 239bdaa94

Time (s): cpu = 00:00:01 ; elapsed = 00:00:02 . Memory (MB): peak = 989.395 ; gain = 12.676
Phase 1 Placer Initialization | Checksum: 239bdaa94

Time (s): cpu = 00:00:01 ; elapsed = 00:00:02 . Memory (MB): peak = 989.395 ; gain = 12.676

Phase 2 Global Placement
Phase 2 Global Placement | Checksum: 1a227b2d1

Time (s): cpu = 00:00:02 ; elapsed = 00:00:02 . Memory (MB): peak = 989.395 ; gain = 12.676

Phase 3 Detail Placement

Phase 3.1 Commit Multi Column Macros
Phase 3.1 Commit Multi Column Macros | Checksum: 1a227b2d1

Time (s): cpu = 00:00:02 ; elapsed = 00:00:02 . Memory (MB): peak = 989.395 ; gain = 12.676

Phase 3.2 Commit Most Macros & LUTRAMs
Phase 3.2 Commit Most Macros & LUTRAMs | Checksum: 218dee1ee

Time (s): cpu = 00:00:02 ; elapsed = 00:00:02 . Memory (MB): peak = 989.395 ; gain = 12.676

Phase 3.3 Area Swap Optimization
Phase 3.3 Area Swap Optimization | Checksum: 1568f6295

Time (s): cpu = 00:00:02 ; elapsed = 00:00:02 . Memory (MB): peak = 989.395 ; gain = 12.676

Phase 3.4 updateClock Trees: DP
Phase 3.4 updateClock Trees: DP | Checksum: 1568f6295

Time (s): cpu = 00:00:02 ; elapsed = 00:00:02 . Memory (MB): peak = 989.395 ; gain = 12.676

Phase 3.5 Timing Path Optimizer
Phase 3.5 Timing Path Optimizer | Checksum: 1d3375031

Time (s): cpu = 00:00:02 ; elapsed = 00:00:02 . Memory (MB): peak = 989.395 ; gain = 12.676

Phase 3.6 Fast Optimization
Phase 3.6 Fast Optimization | Checksum: 1d3375031

Time (s): cpu = 00:00:02 ; elapsed = 00:00:02 . Memory (MB): peak = 989.395 ; gain = 12.676

Phase 3.7 Small Shape Detail Placement
Phase 3.7 Small Shape Detail Placement | Checksum: 1e6f5562f

Time (s): cpu = 00:00:02 ; elapsed = 00:00:03 . Memory (MB): peak = 989.395 ; gain = 12.676

Phase 3.8 Re-assign LUT pins
Phase 3.8 Re-assign LUT pins | Checksum: 11a1e6fb4

Time (s): cpu = 00:00:02 ; elapsed = 00:00:03 . Memory (MB): peak = 989.395 ; gain = 12.676

Phase 3.9 Pipeline Register Optimization
Phase 3.9 Pipeline Register Optimization | Checksum: 11a1e6fb4

Time (s): cpu = 00:00:02 ; elapsed = 00:00:03 . Memory (MB): peak = 989.395 ; gain = 12.676

Phase 3.10 Fast Optimization
Phase 3.10 Fast Optimization | Checksum: 11a1e6fb4

Time (s): cpu = 00:00:02 ; elapsed = 00:00:03 . Memory (MB): peak = 989.395 ; gain = 12.676
Phase 3 Detail Placement | Checksum: 11a1e6fb4

Time (s): cpu = 00:00:02 ; elapsed = 00:00:03 . Memory (MB): peak = 989.395 ; gain = 12.676

Phase 4 Post Placement Optimization and Clean-Up

Phase 4.1 Post Commit Optimization
INFO: [Timing 38-35] Done setting XDC timing constraints.

Phase 4.1.1 updateClock Trees: PCOPT
Phase 4.1.1 updateClock Trees: PCOPT | Checksum: bc7118db

Time (s): cpu = 00:00:03 ; elapsed = 00:00:03 . Memory (MB): peak = 989.395 ; gain = 12.676

Phase 4.1.2 Post Placement Optimization
INFO: [Place 30-746] Post Placement Timing Summary WNS=3.789. For the most accurate timing information please run report_timing.
Phase 4.1.2 Post Placement Optimization | Checksum: 8810ccce

Time (s): cpu = 00:00:03 ; elapsed = 00:00:03 . Memory (MB): peak = 989.395 ; gain = 12.676
Phase 4.1 Post Commit Optimization | Checksum: 8810ccce

Time (s): cpu = 00:00:03 ; elapsed = 00:00:03 . Memory (MB): peak = 989.395 ; gain = 12.676

Phase 4.2 Sweep Clock Roots: Post-Placement
Phase 4.2 Sweep Clock Roots: Post-Placement | Checksum: 8810ccce

Time (s): cpu = 00:00:03 ; elapsed = 00:00:03 . Memory (MB): peak = 989.395 ; gain = 12.676

Phase 4.3 Post Placement Cleanup
Phase 4.3 Post Placement Cleanup | Checksum: 8810ccce

Time (s): cpu = 00:00:03 ; elapsed = 00:00:03 . Memory (MB): peak = 989.395 ; gain = 12.676

Phase 4.4 Placer Reporting
Phase 4.4 Placer Reporting | Checksum: 8810ccce

Time (s): cpu = 00:00:03 ; elapsed = 00:00:03 . Memory (MB): peak = 989.395 ; gain = 12.676

Phase 4.5 Final Placement Cleanup
Phase 4.5 Final Placement Cleanup | Checksum: fecbc6f1

Time (s): cpu = 00:00:03 ; elapsed = 00:00:03 . Memory (MB): peak = 989.395 ; gain = 12.676
Phase 4 Post Placement Optimization and Clean-Up | Checksum: fecbc6f1

Time (s): cpu = 00:00:03 ; elapsed = 00:00:03 . Memory (MB): peak = 989.395 ; gain = 12.676
Ending Placer Task | Checksum: c3719439

Time (s): cpu = 00:00:03 ; elapsed = 00:00:03 . Memory (MB): peak = 989.395 ; gain = 12.676
INFO: [Common 17-83] Releasing license: Implementation
35 Infos, 5 Warnings, 3 Critical Warnings and 0 Errors encountered.
place_design completed successfully
Writing placer database...
Writing XDEF routing.
Writing XDEF routing logical nets.
Writing XDEF routing special nets.
Write XDEF Complete: Time (s): cpu = 00:00:00 ; elapsed = 00:00:00.129 . Memory (MB): peak = 989.395 ; gain = 0.000
report_io: Time (s): cpu = 00:00:00 ; elapsed = 00:00:00.043 . Memory (MB): peak = 989.395 ; gain = 0.000
report_utilization: Time (s): cpu = 00:00:00 ; elapsed = 00:00:00.019 . Memory (MB): peak = 989.395 ; gain = 0.000
report_control_sets: Time (s): cpu = 00:00:00 ; elapsed = 00:00:00.004 . Memory (MB): peak = 989.395 ; gain = 0.000
Command: route_design
Attempting to get a license for feature 'Implementation' and/or device 'xc7z020'
INFO: [Common 17-349] Got license for feature 'Implementation' and/or device 'xc7z020'
Running DRC as a precondition to command route_design
INFO: [DRC 23-27] Running DRC with 2 threads
WARNING: [DRC 23-20] Rule violation (PLIO-7) Placement Constraints Check for IO constraints - An IO Bus FIXED_IO_mio[53:0] with more than one IO standard is found. Components associated with this bus are: LVCMOS33 (FIXED_IO_mio[15], FIXED_IO_mio[14], FIXED_IO_mio[13], FIXED_IO_mio[12], FIXED_IO_mio[11], FIXED_IO_mio[10], FIXED_IO_mio[9], FIXED_IO_mio[8], FIXED_IO_mio[7], FIXED_IO_mio[6], FIXED_IO_mio[5], FIXED_IO_mio[4], FIXED_IO_mio[3], FIXED_IO_mio[2], FIXED_IO_mio[1] (the first 15 of 16 listed)); LVCMOS18 (FIXED_IO_mio[53], FIXED_IO_mio[52], FIXED_IO_mio[51], FIXED_IO_mio[50], FIXED_IO_mio[49], FIXED_IO_mio[48], FIXED_IO_mio[47], FIXED_IO_mio[46], FIXED_IO_mio[45], FIXED_IO_mio[44], FIXED_IO_mio[43], FIXED_IO_mio[42], FIXED_IO_mio[41], FIXED_IO_mio[40], FIXED_IO_mio[39] (the first 15 of 38 listed)); 
INFO: [Vivado_Tcl 4-198] DRC finished with 0 Errors, 1 Warnings
INFO: [Vivado_Tcl 4-199] Please refer to the DRC report (report_drc) for more information.


Starting Routing Task
INFO: [Route 35-254] Multithreading enabled for route_design using a maximum of 2 CPUs
Checksum: PlaceDB: 15e412b3 ConstDB: 0 ShapeSum: ad8d8186 RouteDB: 0

Phase 1 Build RT Design
Phase 1 Build RT Design | Checksum: d460d2ff

Time (s): cpu = 00:00:20 ; elapsed = 00:00:18 . Memory (MB): peak = 1136.301 ; gain = 146.906

Phase 2 Router Initialization

Phase 2.1 Create Timer
Phase 2.1 Create Timer | Checksum: d460d2ff

Time (s): cpu = 00:00:20 ; elapsed = 00:00:18 . Memory (MB): peak = 1136.301 ; gain = 146.906

Phase 2.2 Fix Topology Constraints
Phase 2.2 Fix Topology Constraints | Checksum: d460d2ff

Time (s): cpu = 00:00:20 ; elapsed = 00:00:18 . Memory (MB): peak = 1136.301 ; gain = 146.906

Phase 2.3 Pre Route Cleanup
Phase 2.3 Pre Route Cleanup | Checksum: d460d2ff

Time (s): cpu = 00:00:20 ; elapsed = 00:00:18 . Memory (MB): peak = 1136.301 ; gain = 146.906
 Number of Nodes with overlaps = 0

Phase 2.4 Update Timing
Phase 2.4 Update Timing | Checksum: 1c7ac738b

Time (s): cpu = 00:00:20 ; elapsed = 00:00:19 . Memory (MB): peak = 1146.422 ; gain = 157.027
INFO: [Route 35-416] Intermediate Timing Summary | WNS=3.709  | TNS=0.000  | WHS=-0.181 | THS=-14.412|

Phase 2 Router Initialization | Checksum: 264a7cfec

Time (s): cpu = 00:00:20 ; elapsed = 00:00:19 . Memory (MB): peak = 1146.422 ; gain = 157.027

Phase 3 Initial Routing
Phase 3 Initial Routing | Checksum: 20c7cd16d

Time (s): cpu = 00:00:21 ; elapsed = 00:00:19 . Memory (MB): peak = 1146.422 ; gain = 157.027

Phase 4 Rip-up And Reroute

Phase 4.1 Global Iteration 0
 Number of Nodes with overlaps = 73
 Number of Nodes with overlaps = 2
 Number of Nodes with overlaps = 0

Phase 4.1.1 Update Timing
Phase 4.1.1 Update Timing | Checksum: 18592f8fc

Time (s): cpu = 00:00:21 ; elapsed = 00:00:19 . Memory (MB): peak = 1146.422 ; gain = 157.027
INFO: [Route 35-416] Intermediate Timing Summary | WNS=4.212  | TNS=0.000  | WHS=N/A    | THS=N/A    |

Phase 4.1 Global Iteration 0 | Checksum: 1a5455533

Time (s): cpu = 00:00:21 ; elapsed = 00:00:19 . Memory (MB): peak = 1146.422 ; gain = 157.027

Phase 4.2 Global Iteration 1
 Number of Nodes with overlaps = 0

Phase 4.2.1 Update Timing
Phase 4.2.1 Update Timing | Checksum: 1877131aa

Time (s): cpu = 00:00:21 ; elapsed = 00:00:19 . Memory (MB): peak = 1146.422 ; gain = 157.027
INFO: [Route 35-416] Intermediate Timing Summary | WNS=4.212  | TNS=0.000  | WHS=N/A    | THS=N/A    |

Phase 4.2 Global Iteration 1 | Checksum: 1a1d7ce30

Time (s): cpu = 00:00:21 ; elapsed = 00:00:19 . Memory (MB): peak = 1146.422 ; gain = 157.027
Phase 4 Rip-up And Reroute | Checksum: 1a1d7ce30

Time (s): cpu = 00:00:21 ; elapsed = 00:00:19 . Memory (MB): peak = 1146.422 ; gain = 157.027

Phase 5 Delay and Skew Optimization

Phase 5.1 Delay CleanUp

Phase 5.1.1 Update Timing
Phase 5.1.1 Update Timing | Checksum: fcb51733

Time (s): cpu = 00:00:21 ; elapsed = 00:00:19 . Memory (MB): peak = 1146.422 ; gain = 157.027
INFO: [Route 35-416] Intermediate Timing Summary | WNS=4.362  | TNS=0.000  | WHS=N/A    | THS=N/A    |

Phase 5.1 Delay CleanUp | Checksum: fcb51733

Time (s): cpu = 00:00:21 ; elapsed = 00:00:19 . Memory (MB): peak = 1146.422 ; gain = 157.027

Phase 5.2 Clock Skew Optimization
Phase 5.2 Clock Skew Optimization | Checksum: fcb51733

Time (s): cpu = 00:00:21 ; elapsed = 00:00:19 . Memory (MB): peak = 1146.422 ; gain = 157.027
Phase 5 Delay and Skew Optimization | Checksum: fcb51733

Time (s): cpu = 00:00:21 ; elapsed = 00:00:19 . Memory (MB): peak = 1146.422 ; gain = 157.027

Phase 6 Post Hold Fix

Phase 6.1 Hold Fix Iter

Phase 6.1.1 Update Timing
Phase 6.1.1 Update Timing | Checksum: fb0a9fd5

Time (s): cpu = 00:00:21 ; elapsed = 00:00:19 . Memory (MB): peak = 1146.422 ; gain = 157.027
INFO: [Route 35-416] Intermediate Timing Summary | WNS=4.362  | TNS=0.000  | WHS=0.041  | THS=0.000  |

Phase 6.1 Hold Fix Iter | Checksum: 1dd85714a

Time (s): cpu = 00:00:21 ; elapsed = 00:00:19 . Memory (MB): peak = 1146.422 ; gain = 157.027
Phase 6 Post Hold Fix | Checksum: 1dd85714a

Time (s): cpu = 00:00:21 ; elapsed = 00:00:19 . Memory (MB): peak = 1146.422 ; gain = 157.027

Phase 7 Route finalize

Router Utilization Summary
  Global Vertical Routing Utilization    = 0.15481 %
  Global Horizontal Routing Utilization  = 0.219151 %
  Routable Net Status*
  *Does not include unroutable nets such as driverless and loadless.
  Run report_route_status for detailed report.
  Number of Failed Nets               = 0
  Number of Unrouted Nets             = 0
  Number of Partially Routed Nets     = 0
  Number of Node Overlaps             = 0

Phase 7 Route finalize | Checksum: 1ee9d8862

Time (s): cpu = 00:00:21 ; elapsed = 00:00:19 . Memory (MB): peak = 1146.422 ; gain = 157.027

Phase 8 Verifying routed nets

 Verification completed successfully
Phase 8 Verifying routed nets | Checksum: 1ee9d8862

Time (s): cpu = 00:00:21 ; elapsed = 00:00:19 . Memory (MB): peak = 1146.422 ; gain = 157.027

Phase 9 Depositing Routes
Phase 9 Depositing Routes | Checksum: 248976704

Time (s): cpu = 00:00:21 ; elapsed = 00:00:19 . Memory (MB): peak = 1146.422 ; gain = 157.027

Phase 10 Post Router Timing
INFO: [Route 35-57] Estimated Timing Summary | WNS=4.362  | TNS=0.000  | WHS=0.041  | THS=0.000  |

INFO: [Route 35-327] The final timing numbers are based on the router estimated timing analysis. For a complete and accurate timing signoff, please run report_timing_summary.
Phase 10 Post Router Timing | Checksum: 248976704

Time (s): cpu = 00:00:21 ; elapsed = 00:00:19 . Memory (MB): peak = 1146.422 ; gain = 157.027
INFO: [Route 35-16] Router Completed Successfully

Time (s): cpu = 00:00:21 ; elapsed = 00:00:19 . Memory (MB): peak = 1146.422 ; gain = 157.027

Routing Is Done.
INFO: [Common 17-83] Releasing license: Implementation
49 Infos, 6 Warnings, 3 Critical Warnings and 0 Errors encountered.
route_design completed successfully
route_design: Time (s): cpu = 00:00:22 ; elapsed = 00:00:20 . Memory (MB): peak = 1146.422 ; gain = 157.027
Writing placer database...
Writing XDEF routing.
Writing XDEF routing logical nets.
Writing XDEF routing special nets.
Write XDEF Complete: Time (s): cpu = 00:00:01 ; elapsed = 00:00:00.162 . Memory (MB): peak = 1146.422 ; gain = 0.000
INFO: [DRC 23-27] Running DRC with 2 threads
INFO: [Coretcl 2-168] The results of DRC are in file C:/Users/foeza/Desktop/vivado/pwm/pwm.runs/impl_1/design_1_wrapper_drc_routed.rpt.
INFO: [Timing 38-91] UpdateTimingParams: Speed grade: -1, Delay Type: min_max.
INFO: [Timing 38-191] Multithreading enabled for timing update using a maximum of 2 CPUs
Running Vector-less Activity Propagation...

Finished Running Vector-less Activity Propagation
INFO: [Common 17-206] Exiting Vivado at Wed Apr 26 11:31:55 2023...

*** Running vivado
    with args -log design_1_wrapper.vdi -applog -m64 -messageDb vivado.pb -mode batch -source design_1_wrapper.tcl -notrace


****** Vivado v2016.1 (64-bit)
  **** SW Build 1538259 on Fri Apr  8 15:45:27 MDT 2016
  **** IP Build 1537824 on Fri Apr  8 04:28:57 MDT 2016
    ** Copyright 1986-2016 Xilinx, Inc. All Rights Reserved.

source design_1_wrapper.tcl -notrace
Command: open_checkpoint design_1_wrapper_routed.dcp

Starting open_checkpoint Task

Time (s): cpu = 00:00:00 ; elapsed = 00:00:00.014 . Memory (MB): peak = 207.129 ; gain = 0.000
INFO: [Netlist 29-17] Analyzing 26 Unisim elements for replacement
INFO: [Netlist 29-28] Unisim Transformation completed in 0 CPU seconds
INFO: [Project 1-479] Netlist was created with Vivado 2016.1
INFO: [Device 21-403] Loading part xc7z020clg484-1
INFO: [Project 1-570] Preparing netlist for logic optimization
Parsing XDC File [C:/Users/foeza/Desktop/vivado/pwm/pwm.runs/impl_1/.Xil/Vivado-5144-Foez_PC/dcp/design_1_wrapper_early.xdc]
Finished Parsing XDC File [C:/Users/foeza/Desktop/vivado/pwm/pwm.runs/impl_1/.Xil/Vivado-5144-Foez_PC/dcp/design_1_wrapper_early.xdc]
Parsing XDC File [C:/Users/foeza/Desktop/vivado/pwm/pwm.runs/impl_1/.Xil/Vivado-5144-Foez_PC/dcp/design_1_wrapper.xdc]
Finished Parsing XDC File [C:/Users/foeza/Desktop/vivado/pwm/pwm.runs/impl_1/.Xil/Vivado-5144-Foez_PC/dcp/design_1_wrapper.xdc]
Reading XDEF placement.
Reading placer database...
Reading XDEF routing.
Read XDEF File: Time (s): cpu = 00:00:00 ; elapsed = 00:00:00.198 . Memory (MB): peak = 514.953 ; gain = 0.000
Restored from archive | CPU: 0.000000 secs | Memory: 0.000000 MB |
Finished XDEF File Restore: Time (s): cpu = 00:00:00 ; elapsed = 00:00:00.198 . Memory (MB): peak = 514.953 ; gain = 0.000
INFO: [Project 1-111] Unisim Transformation Summary:
No Unisim elements were transformed.

INFO: [Project 1-604] Checkpoint was created with Vivado v2016.1 (64-bit) build 1538259
open_checkpoint: Time (s): cpu = 00:00:04 ; elapsed = 00:00:05 . Memory (MB): peak = 514.953 ; gain = 307.824
Attempting to get a license for feature 'Implementation' and/or device 'xc7z020'
INFO: [Common 17-349] Got license for feature 'Implementation' and/or device 'xc7z020'
Running DRC as a precondition to command write_bitstream
INFO: [DRC 23-27] Running DRC with 2 threads
INFO: [Vivado 12-3199] DRC finished with 0 Errors
INFO: [Vivado 12-3200] Please refer to the DRC report (report_drc) for more information.
INFO: [Designutils 20-2272] Running write_bitstream with 2 threads.
Loading data files...
Loading site data...
Loading route data...
Processing options...
Creating bitmap...
Creating bitstream...
Writing bitstream ./design_1_wrapper.bit...
INFO: [Vivado 12-1842] Bitgen Completed Successfully.
INFO: [Project 1-120] WebTalk data collection is mandatory when using a WebPACK part without a full Vivado license. To see the specific WebTalk data collected for your design, open the usage_statistics_webtalk.html or usage_statistics_webtalk.xml file in the implementation directory.
INFO: [Common 17-83] Releasing license: Implementation
write_bitstream: Time (s): cpu = 00:00:11 ; elapsed = 00:00:11 . Memory (MB): peak = 895.273 ; gain = 380.320
INFO: [Common 17-206] Exiting Vivado at Wed Apr 26 11:32:33 2023...
